This file contains any messages produced by compilers while
running configure, to aid debugging if configure makes a mistake.

It was created by uimacpp configure 2.4.0, which was
generated by GNU Autoconf 2.69.  Invocation command line was

  $ ./configure --with-icu=/usr/share/icu

## --------- ##
## Platform. ##
## --------- ##

hostname = steve-notebook
uname -m = x86_64
uname -r = 3.13.0-55-generic
uname -s = Linux
uname -v = #94-Ubuntu SMP Thu Jun 18 00:27:10 UTC 2015

/usr/bin/uname -p = unknown
/bin/uname -X     = unknown

/bin/arch              = unknown
/usr/bin/arch -k       = unknown
/usr/convex/getsysinfo = unknown
/usr/bin/hostinfo      = unknown
/bin/machine           = unknown
/usr/bin/oslevel       = unknown
/bin/universe          = unknown

PATH: /usr/local/sbin
PATH: /usr/local/bin
PATH: /usr/sbin
PATH: /usr/bin
PATH: /sbin
PATH: /bin
PATH: /usr/games
PATH: /usr/local/games
PATH: /usr/local/bin


## ----------- ##
## Core tests. ##
## ----------- ##

configure:2651: checking for a BSD-compatible install
configure:2719: result: /usr/bin/install -c
configure:2730: checking whether build environment is sane
configure:2767: result: yes
configure:2792: checking for a thread-safe mkdir -p
configure:2831: result: /bin/mkdir -p
configure:2844: checking for gawk
configure:2874: result: no
configure:2844: checking for mawk
configure:2860: found /usr/bin/mawk
configure:2871: result: mawk
configure:2882: checking whether make sets $(MAKE)
configure:2904: result: yes
configure:3163: result: release 2.4.0, library 
configure:3218: checking build system type
configure:3232: result: x86_64-unknown-linux-gnu
configure:3252: checking host system type
configure:3265: result: x86_64-unknown-linux-gnu
configure:3297: checking for style of include used by make
configure:3325: result: GNU
configure:3395: checking for gcc
configure:3411: found /usr/bin/gcc
configure:3422: result: gcc
configure:3651: checking for C compiler version
configure:3660: gcc --version >&5
gcc (Ubuntu 4.8.4-2ubuntu1~14.04) 4.8.4
Copyright (C) 2013 Free Software Foundation, Inc.
This is free software; see the source for copying conditions.  There is NO
warranty; not even for MERCHANTABILITY or FITNESS FOR A PARTICULAR PURPOSE.

configure:3671: $? = 0
configure:3660: gcc -v >&5
Using built-in specs.
COLLECT_GCC=gcc
COLLECT_LTO_WRAPPER=/usr/lib/gcc/x86_64-linux-gnu/4.8/lto-wrapper
Target: x86_64-linux-gnu
Configured with: ../src/configure -v --with-pkgversion='Ubuntu 4.8.4-2ubuntu1~14.04' --with-bugurl=file:///usr/share/doc/gcc-4.8/README.Bugs --enable-languages=c,c++,java,go,d,fortran,objc,obj-c++ --prefix=/usr --program-suffix=-4.8 --enable-shared --enable-linker-build-id --libexecdir=/usr/lib --without-included-gettext --enable-threads=posix --with-gxx-include-dir=/usr/include/c++/4.8 --libdir=/usr/lib --enable-nls --with-sysroot=/ --enable-clocale=gnu --enable-libstdcxx-debug --enable-libstdcxx-time=yes --enable-gnu-unique-object --disable-libmudflap --enable-plugin --with-system-zlib --disable-browser-plugin --enable-java-awt=gtk --enable-gtk-cairo --with-java-home=/usr/lib/jvm/java-1.5.0-gcj-4.8-amd64/jre --enable-java-home --with-jvm-root-dir=/usr/lib/jvm/java-1.5.0-gcj-4.8-amd64 --with-jvm-jar-dir=/usr/lib/jvm-exports/java-1.5.0-gcj-4.8-amd64 --with-arch-directory=amd64 --with-ecj-jar=/usr/share/java/eclipse-ecj.jar --enable-objc-gc --enable-multiarch --disable-werror --with-arch-32=i686 --with-abi=m64 --with-multilib-list=m32,m64,mx32 --with-tune=generic --enable-checking=release --build=x86_64-linux-gnu --host=x86_64-linux-gnu --target=x86_64-linux-gnu
Thread model: posix
gcc version 4.8.4 (Ubuntu 4.8.4-2ubuntu1~14.04) 
configure:3671: $? = 0
configure:3660: gcc -V >&5
gcc: error: unrecognized command line option '-V'
gcc: fatal error: no input files
compilation terminated.
configure:3671: $? = 4
configure:3660: gcc -qversion >&5
gcc: error: unrecognized command line option '-qversion'
gcc: fatal error: no input files
compilation terminated.
configure:3671: $? = 4
configure:3691: checking whether the C compiler works
configure:3713: gcc    conftest.c  >&5
configure:3717: $? = 0
configure:3765: result: yes
configure:3768: checking for C compiler default output file name
configure:3770: result: a.out
configure:3776: checking for suffix of executables
configure:3783: gcc -o conftest    conftest.c  >&5
configure:3787: $? = 0
configure:3809: result: 
configure:3831: checking whether we are cross compiling
configure:3839: gcc -o conftest    conftest.c  >&5
configure:3843: $? = 0
configure:3850: ./conftest
configure:3854: $? = 0
configure:3869: result: no
configure:3874: checking for suffix of object files
configure:3896: gcc -c   conftest.c >&5
configure:3900: $? = 0
configure:3921: result: o
configure:3925: checking whether we are using the GNU C compiler
configure:3944: gcc -c   conftest.c >&5
configure:3944: $? = 0
configure:3953: result: yes
configure:3962: checking whether gcc accepts -g
configure:3982: gcc -c -g  conftest.c >&5
configure:3982: $? = 0
configure:4023: result: yes
configure:4040: checking for gcc option to accept ISO C89
configure:4103: gcc  -c -g -O2  conftest.c >&5
configure:4103: $? = 0
configure:4116: result: none needed
configure:4138: checking dependency style of gcc
configure:4229: result: gcc3
configure:4244: checking for a sed that does not truncate output
configure:4300: result: /bin/sed
configure:4303: checking for grep that handles long lines and -e
configure:4361: result: /bin/grep
configure:4366: checking for egrep
configure:4428: result: /bin/grep -E
configure:4444: checking for ld used by gcc
configure:4511: result: /usr/bin/ld
configure:4518: checking if the linker (/usr/bin/ld) is GNU ld
configure:4533: result: yes
configure:4538: checking for /usr/bin/ld option to reload object files
configure:4545: result: -r
configure:4563: checking for BSD-compatible nm
configure:4612: result: /usr/bin/nm -B
configure:4616: checking whether ln -s works
configure:4620: result: yes
configure:4627: checking how to recognize dependent libraries
configure:4813: result: pass_all
configure:4902: gcc -c -g -O2  conftest.c >&5
configure:4905: $? = 0
configure:5033: checking how to run the C preprocessor
configure:5064: gcc -E  conftest.c
configure:5064: $? = 0
configure:5078: gcc -E  conftest.c
conftest.c:11:28: fatal error: ac_nonexistent.h: No such file or directory
 #include <ac_nonexistent.h>
                            ^
compilation terminated.
configure:5078: $? = 1
configure: failed program was:
| /* confdefs.h */
| #define PACKAGE_NAME "uimacpp"
| #define PACKAGE_TARNAME "uimacpp"
| #define PACKAGE_VERSION "2.4.0"
| #define PACKAGE_STRING "uimacpp 2.4.0"
| #define PACKAGE_BUGREPORT ""
| #define PACKAGE_URL ""
| #define PACKAGE "uimacpp"
| #define VERSION "2.4.0"
| /* end confdefs.h.  */
| #include <ac_nonexistent.h>
configure:5103: result: gcc -E
configure:5123: gcc -E  conftest.c
configure:5123: $? = 0
configure:5137: gcc -E  conftest.c
conftest.c:11:28: fatal error: ac_nonexistent.h: No such file or directory
 #include <ac_nonexistent.h>
                            ^
compilation terminated.
configure:5137: $? = 1
configure: failed program was:
| /* confdefs.h */
| #define PACKAGE_NAME "uimacpp"
| #define PACKAGE_TARNAME "uimacpp"
| #define PACKAGE_VERSION "2.4.0"
| #define PACKAGE_STRING "uimacpp 2.4.0"
| #define PACKAGE_BUGREPORT ""
| #define PACKAGE_URL ""
| #define PACKAGE "uimacpp"
| #define VERSION "2.4.0"
| /* end confdefs.h.  */
| #include <ac_nonexistent.h>
configure:5166: checking for ANSI C header files
configure:5186: gcc -c -g -O2  conftest.c >&5
configure:5186: $? = 0
configure:5259: gcc -o conftest -g -O2   conftest.c  >&5
configure:5259: $? = 0
configure:5259: ./conftest
configure:5259: $? = 0
configure:5270: result: yes
configure:5283: checking for sys/types.h
configure:5283: gcc -c -g -O2  conftest.c >&5
configure:5283: $? = 0
configure:5283: result: yes
configure:5283: checking for sys/stat.h
configure:5283: gcc -c -g -O2  conftest.c >&5
configure:5283: $? = 0
configure:5283: result: yes
configure:5283: checking for stdlib.h
configure:5283: gcc -c -g -O2  conftest.c >&5
configure:5283: $? = 0
configure:5283: result: yes
configure:5283: checking for string.h
configure:5283: gcc -c -g -O2  conftest.c >&5
configure:5283: $? = 0
configure:5283: result: yes
configure:5283: checking for memory.h
configure:5283: gcc -c -g -O2  conftest.c >&5
configure:5283: $? = 0
configure:5283: result: yes
configure:5283: checking for strings.h
configure:5283: gcc -c -g -O2  conftest.c >&5
configure:5283: $? = 0
configure:5283: result: yes
configure:5283: checking for inttypes.h
configure:5283: gcc -c -g -O2  conftest.c >&5
configure:5283: $? = 0
configure:5283: result: yes
configure:5283: checking for stdint.h
configure:5283: gcc -c -g -O2  conftest.c >&5
configure:5283: $? = 0
configure:5283: result: yes
configure:5283: checking for unistd.h
configure:5283: gcc -c -g -O2  conftest.c >&5
configure:5283: $? = 0
configure:5283: result: yes
configure:5297: checking dlfcn.h usability
configure:5297: gcc -c -g -O2  conftest.c >&5
configure:5297: $? = 0
configure:5297: result: yes
configure:5297: checking dlfcn.h presence
configure:5297: gcc -E  conftest.c
configure:5297: $? = 0
configure:5297: result: yes
configure:5297: checking for dlfcn.h
configure:5297: result: yes
configure:5365: checking for g++
configure:5381: found /usr/bin/g++
configure:5392: result: g++
configure:5419: checking for C++ compiler version
configure:5428: g++ --version >&5
g++ (Ubuntu 4.8.4-2ubuntu1~14.04) 4.8.4
Copyright (C) 2013 Free Software Foundation, Inc.
This is free software; see the source for copying conditions.  There is NO
warranty; not even for MERCHANTABILITY or FITNESS FOR A PARTICULAR PURPOSE.

configure:5439: $? = 0
configure:5428: g++ -v >&5
Using built-in specs.
COLLECT_GCC=g++
COLLECT_LTO_WRAPPER=/usr/lib/gcc/x86_64-linux-gnu/4.8/lto-wrapper
Target: x86_64-linux-gnu
Configured with: ../src/configure -v --with-pkgversion='Ubuntu 4.8.4-2ubuntu1~14.04' --with-bugurl=file:///usr/share/doc/gcc-4.8/README.Bugs --enable-languages=c,c++,java,go,d,fortran,objc,obj-c++ --prefix=/usr --program-suffix=-4.8 --enable-shared --enable-linker-build-id --libexecdir=/usr/lib --without-included-gettext --enable-threads=posix --with-gxx-include-dir=/usr/include/c++/4.8 --libdir=/usr/lib --enable-nls --with-sysroot=/ --enable-clocale=gnu --enable-libstdcxx-debug --enable-libstdcxx-time=yes --enable-gnu-unique-object --disable-libmudflap --enable-plugin --with-system-zlib --disable-browser-plugin --enable-java-awt=gtk --enable-gtk-cairo --with-java-home=/usr/lib/jvm/java-1.5.0-gcj-4.8-amd64/jre --enable-java-home --with-jvm-root-dir=/usr/lib/jvm/java-1.5.0-gcj-4.8-amd64 --with-jvm-jar-dir=/usr/lib/jvm-exports/java-1.5.0-gcj-4.8-amd64 --with-arch-directory=amd64 --with-ecj-jar=/usr/share/java/eclipse-ecj.jar --enable-objc-gc --enable-multiarch --disable-werror --with-arch-32=i686 --with-abi=m64 --with-multilib-list=m32,m64,mx32 --with-tune=generic --enable-checking=release --build=x86_64-linux-gnu --host=x86_64-linux-gnu --target=x86_64-linux-gnu
Thread model: posix
gcc version 4.8.4 (Ubuntu 4.8.4-2ubuntu1~14.04) 
configure:5439: $? = 0
configure:5428: g++ -V >&5
g++: error: unrecognized command line option '-V'
g++: fatal error: no input files
compilation terminated.
configure:5439: $? = 4
configure:5428: g++ -qversion >&5
g++: error: unrecognized command line option '-qversion'
g++: fatal error: no input files
compilation terminated.
configure:5439: $? = 4
configure:5443: checking whether we are using the GNU C++ compiler
configure:5462: g++ -c   conftest.cpp >&5
configure:5462: $? = 0
configure:5471: result: yes
configure:5480: checking whether g++ accepts -g
configure:5500: g++ -c -g  conftest.cpp >&5
configure:5500: $? = 0
configure:5541: result: yes
configure:5566: checking dependency style of g++
configure:5657: result: gcc3
configure:5682: checking how to run the C++ preprocessor
configure:5709: g++ -E  conftest.cpp
configure:5709: $? = 0
configure:5723: g++ -E  conftest.cpp
conftest.cpp:22:28: fatal error: ac_nonexistent.h: No such file or directory
 #include <ac_nonexistent.h>
                            ^
compilation terminated.
configure:5723: $? = 1
configure: failed program was:
| /* confdefs.h */
| #define PACKAGE_NAME "uimacpp"
| #define PACKAGE_TARNAME "uimacpp"
| #define PACKAGE_VERSION "2.4.0"
| #define PACKAGE_STRING "uimacpp 2.4.0"
| #define PACKAGE_BUGREPORT ""
| #define PACKAGE_URL ""
| #define PACKAGE "uimacpp"
| #define VERSION "2.4.0"
| #define STDC_HEADERS 1
| #define HAVE_SYS_TYPES_H 1
| #define HAVE_SYS_STAT_H 1
| #define HAVE_STDLIB_H 1
| #define HAVE_STRING_H 1
| #define HAVE_MEMORY_H 1
| #define HAVE_STRINGS_H 1
| #define HAVE_INTTYPES_H 1
| #define HAVE_STDINT_H 1
| #define HAVE_UNISTD_H 1
| #define HAVE_DLFCN_H 1
| /* end confdefs.h.  */
| #include <ac_nonexistent.h>
configure:5748: result: g++ -E
configure:5768: g++ -E  conftest.cpp
configure:5768: $? = 0
configure:5782: g++ -E  conftest.cpp
conftest.cpp:22:28: fatal error: ac_nonexistent.h: No such file or directory
 #include <ac_nonexistent.h>
                            ^
compilation terminated.
configure:5782: $? = 1
configure: failed program was:
| /* confdefs.h */
| #define PACKAGE_NAME "uimacpp"
| #define PACKAGE_TARNAME "uimacpp"
| #define PACKAGE_VERSION "2.4.0"
| #define PACKAGE_STRING "uimacpp 2.4.0"
| #define PACKAGE_BUGREPORT ""
| #define PACKAGE_URL ""
| #define PACKAGE "uimacpp"
| #define VERSION "2.4.0"
| #define STDC_HEADERS 1
| #define HAVE_SYS_TYPES_H 1
| #define HAVE_SYS_STAT_H 1
| #define HAVE_STDLIB_H 1
| #define HAVE_STRING_H 1
| #define HAVE_MEMORY_H 1
| #define HAVE_STRINGS_H 1
| #define HAVE_INTTYPES_H 1
| #define HAVE_STDINT_H 1
| #define HAVE_UNISTD_H 1
| #define HAVE_DLFCN_H 1
| /* end confdefs.h.  */
| #include <ac_nonexistent.h>
configure:5866: checking for g77
configure:5896: result: no
configure:5866: checking for xlf
configure:5896: result: no
configure:5866: checking for f77
configure:5896: result: no
configure:5866: checking for frt
configure:5896: result: no
configure:5866: checking for pgf77
configure:5896: result: no
configure:5866: checking for cf77
configure:5896: result: no
configure:5866: checking for fort77
configure:5896: result: no
configure:5866: checking for fl32
configure:5896: result: no
configure:5866: checking for af77
configure:5896: result: no
configure:5866: checking for xlf90
configure:5896: result: no
configure:5866: checking for f90
configure:5896: result: no
configure:5866: checking for pgf90
configure:5896: result: no
configure:5866: checking for pghpf
configure:5896: result: no
configure:5866: checking for epcf90
configure:5896: result: no
configure:5866: checking for gfortran
configure:5882: found /usr/bin/gfortran
configure:5893: result: gfortran
configure:5919: checking for Fortran 77 compiler version
configure:5928: gfortran --version >&5
GNU Fortran (Ubuntu 4.8.4-2ubuntu1~14.04) 4.8.4
Copyright (C) 2013 Free Software Foundation, Inc.

GNU Fortran comes with NO WARRANTY, to the extent permitted by law.
You may redistribute copies of GNU Fortran
under the terms of the GNU General Public License.
For more information about these matters, see the file named COPYING

configure:5939: $? = 0
configure:5928: gfortran -v >&5
Using built-in specs.
COLLECT_GCC=gfortran
COLLECT_LTO_WRAPPER=/usr/lib/gcc/x86_64-linux-gnu/4.8/lto-wrapper
Target: x86_64-linux-gnu
Configured with: ../src/configure -v --with-pkgversion='Ubuntu 4.8.4-2ubuntu1~14.04' --with-bugurl=file:///usr/share/doc/gcc-4.8/README.Bugs --enable-languages=c,c++,java,go,d,fortran,objc,obj-c++ --prefix=/usr --program-suffix=-4.8 --enable-shared --enable-linker-build-id --libexecdir=/usr/lib --without-included-gettext --enable-threads=posix --with-gxx-include-dir=/usr/include/c++/4.8 --libdir=/usr/lib --enable-nls --with-sysroot=/ --enable-clocale=gnu --enable-libstdcxx-debug --enable-libstdcxx-time=yes --enable-gnu-unique-object --disable-libmudflap --enable-plugin --with-system-zlib --disable-browser-plugin --enable-java-awt=gtk --enable-gtk-cairo --with-java-home=/usr/lib/jvm/java-1.5.0-gcj-4.8-amd64/jre --enable-java-home --with-jvm-root-dir=/usr/lib/jvm/java-1.5.0-gcj-4.8-amd64 --with-jvm-jar-dir=/usr/lib/jvm-exports/java-1.5.0-gcj-4.8-amd64 --with-arch-directory=amd64 --with-ecj-jar=/usr/share/java/eclipse-ecj.jar --enable-objc-gc --enable-multiarch --disable-werror --with-arch-32=i686 --with-abi=m64 --with-multilib-list=m32,m64,mx32 --with-tune=generic --enable-checking=release --build=x86_64-linux-gnu --host=x86_64-linux-gnu --target=x86_64-linux-gnu
Thread model: posix
gcc version 4.8.4 (Ubuntu 4.8.4-2ubuntu1~14.04) 
configure:5939: $? = 0
configure:5928: gfortran -V >&5
gfortran: error: unrecognized command line option '-V'
gfortran: fatal error: no input files
compilation terminated.
configure:5939: $? = 4
configure:5928: gfortran -qversion >&5
gfortran: error: unrecognized command line option '-qversion'
gfortran: fatal error: no input files
compilation terminated.
configure:5939: $? = 4
configure:5948: checking whether we are using the GNU Fortran 77 compiler
configure:5961: gfortran -c  conftest.F >&5
configure:5961: $? = 0
configure:5970: result: yes
configure:5976: checking whether gfortran accepts -g
configure:5987: gfortran -c -g conftest.f >&5
configure:5987: $? = 0
configure:5995: result: yes
configure:6028: checking the maximum length of command line arguments
configure:6140: result: 1572864
configure:6152: checking command to parse /usr/bin/nm -B output from gcc object
configure:6257: gcc -c -g -O2  conftest.c >&5
configure:6260: $? = 0
configure:6264: /usr/bin/nm -B conftest.o \| sed -n -e 's/^.*[ 	]\([ABCDGIRSTW][ABCDGIRSTW]*\)[ 	][ 	]*\([_A-Za-z][_A-Za-z0-9]*\)$/\1 \2 \2/p' \> conftest.nm
configure:6267: $? = 0
configure:6319: gcc -o conftest -g -O2   conftest.c conftstm.o >&5
configure:6322: $? = 0
configure:6360: result: ok
configure:6364: checking for objdir
configure:6379: result: .libs
configure:6471: checking for ar
configure:6487: found /usr/bin/ar
configure:6498: result: ar
configure:6563: checking for ranlib
configure:6579: found /usr/bin/ranlib
configure:6590: result: ranlib
configure:6655: checking for strip
configure:6671: found /usr/bin/strip
configure:6682: result: strip
configure:7243: checking if gcc supports -fno-rtti -fno-exceptions
configure:7261: gcc -c -g -O2  -fno-rtti -fno-exceptions conftest.c >&5
cc1: warning: command line option '-fno-rtti' is valid for C++/ObjC++ but not for C [enabled by default]
configure:7265: $? = 0
configure:7278: result: no
configure:7293: checking for gcc option to produce PIC
configure:7525: result: -fPIC
configure:7533: checking if gcc PIC flag -fPIC works
configure:7551: gcc -c -g -O2  -fPIC -DPIC conftest.c >&5
configure:7555: $? = 0
configure:7568: result: yes
configure:7596: checking if gcc static flag -static works
configure:7624: result: yes
configure:7634: checking if gcc supports -c -o file.o
configure:7655: gcc -c -g -O2  -o out/conftest2.o conftest.c >&5
configure:7659: $? = 0
configure:7681: result: yes
configure:7707: checking whether the gcc linker (/usr/bin/ld -m elf_x86_64) supports shared libraries
configure:8634: result: yes
configure:8655: checking whether -lc should be explicitly linked in
configure:8660: gcc -c -g -O2  conftest.c >&5
configure:8663: $? = 0
configure:8678: gcc -shared conftest.o  -v -Wl,-soname -Wl,conftest -o conftest 2\>\&1 \| grep  -lc  \>/dev/null 2\>\&1
configure:8681: $? = 0
configure:8693: result: no
configure:8701: checking dynamic linker characteristics
configure:9315: result: GNU/Linux ld.so
configure:9339: checking how to hardcode library paths into programs
configure:9364: result: immediate
configure:9378: checking whether stripping libraries is possible
configure:9383: result: yes
configure:9900: checking if libtool supports shared libraries
configure:9902: result: yes
configure:9905: checking whether to build shared libraries
configure:9926: result: yes
configure:9929: checking whether to build static libraries
configure:9933: result: no
configure:10027: creating libtool
configure:10616: checking for ld used by g++
configure:10683: result: /usr/bin/ld -m elf_x86_64
configure:10690: checking if the linker (/usr/bin/ld -m elf_x86_64) is GNU ld
configure:10705: result: yes
configure:10756: checking whether the g++ linker (/usr/bin/ld -m elf_x86_64) supports shared libraries
configure:11648: result: yes
configure:11665: g++ -c -g -O2  conftest.cpp >&5
configure:11668: $? = 0
configure:11824: checking for g++ option to produce PIC
configure:12108: result: -fPIC
configure:12116: checking if g++ PIC flag -fPIC works
configure:12134: g++ -c -g -O2  -fPIC -DPIC conftest.cpp >&5
configure:12138: $? = 0
configure:12151: result: yes
configure:12179: checking if g++ static flag -static works
configure:12207: result: yes
configure:12217: checking if g++ supports -c -o file.o
configure:12238: g++ -c -g -O2  -o out/conftest2.o conftest.cpp >&5
configure:12242: $? = 0
configure:12264: result: yes
configure:12290: checking whether the g++ linker (/usr/bin/ld -m elf_x86_64) supports shared libraries
configure:12319: result: yes
configure:12386: checking dynamic linker characteristics
configure:12948: result: GNU/Linux ld.so
configure:12972: checking how to hardcode library paths into programs
configure:12997: result: immediate
configure:13536: checking if libtool supports shared libraries
configure:13538: result: yes
configure:13541: checking whether to build shared libraries
configure:13561: result: yes
configure:13564: checking whether to build static libraries
configure:13568: result: no
configure:13578: checking for gfortran option to produce PIC
configure:13810: result: -fPIC
configure:13818: checking if gfortran PIC flag -fPIC works
configure:13836: gfortran -c -g -O2 -fPIC conftest.f >&5
configure:13840: $? = 0
configure:13853: result: yes
configure:13881: checking if gfortran static flag -static works
configure:13909: result: yes
configure:13919: checking if gfortran supports -c -o file.o
configure:13940: gfortran -c -g -O2 -o out/conftest2.o conftest.f >&5
configure:13944: $? = 0
configure:13966: result: yes
configure:13992: checking whether the gfortran linker (/usr/bin/ld -m elf_x86_64) supports shared libraries
configure:14907: result: yes
configure:14974: checking dynamic linker characteristics
configure:15536: result: GNU/Linux ld.so
configure:15560: checking how to hardcode library paths into programs
configure:15585: result: immediate
configure:19252: checking for C++ compiler version
configure:19261: g++ --version >&5
g++ (Ubuntu 4.8.4-2ubuntu1~14.04) 4.8.4
Copyright (C) 2013 Free Software Foundation, Inc.
This is free software; see the source for copying conditions.  There is NO
warranty; not even for MERCHANTABILITY or FITNESS FOR A PARTICULAR PURPOSE.

configure:19272: $? = 0
configure:19261: g++ -v >&5
Using built-in specs.
COLLECT_GCC=g++
COLLECT_LTO_WRAPPER=/usr/lib/gcc/x86_64-linux-gnu/4.8/lto-wrapper
Target: x86_64-linux-gnu
Configured with: ../src/configure -v --with-pkgversion='Ubuntu 4.8.4-2ubuntu1~14.04' --with-bugurl=file:///usr/share/doc/gcc-4.8/README.Bugs --enable-languages=c,c++,java,go,d,fortran,objc,obj-c++ --prefix=/usr --program-suffix=-4.8 --enable-shared --enable-linker-build-id --libexecdir=/usr/lib --without-included-gettext --enable-threads=posix --with-gxx-include-dir=/usr/include/c++/4.8 --libdir=/usr/lib --enable-nls --with-sysroot=/ --enable-clocale=gnu --enable-libstdcxx-debug --enable-libstdcxx-time=yes --enable-gnu-unique-object --disable-libmudflap --enable-plugin --with-system-zlib --disable-browser-plugin --enable-java-awt=gtk --enable-gtk-cairo --with-java-home=/usr/lib/jvm/java-1.5.0-gcj-4.8-amd64/jre --enable-java-home --with-jvm-root-dir=/usr/lib/jvm/java-1.5.0-gcj-4.8-amd64 --with-jvm-jar-dir=/usr/lib/jvm-exports/java-1.5.0-gcj-4.8-amd64 --with-arch-directory=amd64 --with-ecj-jar=/usr/share/java/eclipse-ecj.jar --enable-objc-gc --enable-multiarch --disable-werror --with-arch-32=i686 --with-abi=m64 --with-multilib-list=m32,m64,mx32 --with-tune=generic --enable-checking=release --build=x86_64-linux-gnu --host=x86_64-linux-gnu --target=x86_64-linux-gnu
Thread model: posix
gcc version 4.8.4 (Ubuntu 4.8.4-2ubuntu1~14.04) 
configure:19272: $? = 0
configure:19261: g++ -V >&5
g++: error: unrecognized command line option '-V'
g++: fatal error: no input files
compilation terminated.
configure:19272: $? = 4
configure:19261: g++ -qversion >&5
g++: error: unrecognized command line option '-qversion'
g++: fatal error: no input files
compilation terminated.
configure:19272: $? = 4
configure:19276: checking whether we are using the GNU C++ compiler
configure:19304: result: yes
configure:19313: checking whether g++ accepts -g
configure:19374: result: yes
configure:19399: checking dependency style of g++
configure:19490: result: gcc3
configure:19506: checking whether byte ordering is bigendian
configure:19521: gcc -c -g -O2  conftest.c >&5
conftest.c:23:9: error: unknown type name 'not'
         not a universal capable compiler
         ^
conftest.c:23:15: error: expected '=', ',', ';', 'asm' or '__attribute__' before 'universal'
         not a universal capable compiler
               ^
conftest.c:23:15: error: unknown type name 'universal'
configure:19521: $? = 1
configure: failed program was:
| /* confdefs.h */
| #define PACKAGE_NAME "uimacpp"
| #define PACKAGE_TARNAME "uimacpp"
| #define PACKAGE_VERSION "2.4.0"
| #define PACKAGE_STRING "uimacpp 2.4.0"
| #define PACKAGE_BUGREPORT ""
| #define PACKAGE_URL ""
| #define PACKAGE "uimacpp"
| #define VERSION "2.4.0"
| #define STDC_HEADERS 1
| #define HAVE_SYS_TYPES_H 1
| #define HAVE_SYS_STAT_H 1
| #define HAVE_STDLIB_H 1
| #define HAVE_STRING_H 1
| #define HAVE_MEMORY_H 1
| #define HAVE_STRINGS_H 1
| #define HAVE_INTTYPES_H 1
| #define HAVE_STDINT_H 1
| #define HAVE_UNISTD_H 1
| #define HAVE_DLFCN_H 1
| /* end confdefs.h.  */
| #ifndef __APPLE_CC__
| 	       not a universal capable compiler
| 	     #endif
| 	     typedef int dummy;
| 
configure:19566: gcc -c -g -O2  conftest.c >&5
configure:19566: $? = 0
configure:19584: gcc -c -g -O2  conftest.c >&5
conftest.c: In function 'main':
conftest.c:29:4: error: unknown type name 'not'
    not big endian
    ^
conftest.c:29:12: error: expected '=', ',', ';', 'asm' or '__attribute__' before 'endian'
    not big endian
            ^
configure:19584: $? = 1
configure: failed program was:
| /* confdefs.h */
| #define PACKAGE_NAME "uimacpp"
| #define PACKAGE_TARNAME "uimacpp"
| #define PACKAGE_VERSION "2.4.0"
| #define PACKAGE_STRING "uimacpp 2.4.0"
| #define PACKAGE_BUGREPORT ""
| #define PACKAGE_URL ""
| #define PACKAGE "uimacpp"
| #define VERSION "2.4.0"
| #define STDC_HEADERS 1
| #define HAVE_SYS_TYPES_H 1
| #define HAVE_SYS_STAT_H 1
| #define HAVE_STDLIB_H 1
| #define HAVE_STRING_H 1
| #define HAVE_MEMORY_H 1
| #define HAVE_STRINGS_H 1
| #define HAVE_INTTYPES_H 1
| #define HAVE_STDINT_H 1
| #define HAVE_UNISTD_H 1
| #define HAVE_DLFCN_H 1
| /* end confdefs.h.  */
| #include <sys/types.h>
| 		#include <sys/param.h>
| 
| int
| main ()
| {
| #if BYTE_ORDER != BIG_ENDIAN
| 		 not big endian
| 		#endif
| 
|   ;
|   return 0;
| }
configure:19712: result: no
configure:19741: Xerces C++ library configuration
configure:19835: checking for Xerces C++ Parser headers in /usr/include and /usr/include/xercesc
configure:19860: g++ -c -g -O2  -I/usr/include -I/usr/include/xercesc conftest.cpp >&5
configure:19860: $? = 0
configure:19864: result: found
configure:19885: checking for Xerces C++ Parser libraries
configure:19915: g++ -o conftest -g -O2  -I/usr/include -I/usr/include/xercesc  -L/usr/lib  conftest.cpp -lxerces-c   >&5
configure:19915: $? = 0
configure:19920: result: found
configure:19946: checking for Xerces C++ Parser
configure:19961: result: yes
configure:19970: checking if Xerces C++ Parser version is >= 2.8
configure:20007: result: yes
configure:20060: checking xercesc/util/XercesVersion.hpp usability
configure:20060: gcc -c -g -O2  -I/usr/include -I/usr/include/xercesc conftest.c >&5
configure:20060: $? = 0
configure:20060: result: yes
configure:20060: checking xercesc/util/XercesVersion.hpp presence
configure:20060: gcc -E  -I/usr/include -I/usr/include/xercesc conftest.c
configure:20060: $? = 0
configure:20060: result: yes
configure:20060: checking for xercesc/util/XercesVersion.hpp
configure:20060: result: yes
configure:20076: Apache Portable Runtime (APR) library configuration
configure:20103: checking for APR
configure:20183: result: yes
configure:20200: checking APR version
configure:20206: result: 1.5.1
configure:20264: checking apr.h usability
configure:20264: gcc -c -g -O2    -DLINUX -D_REENTRANT -D_GNU_SOURCE  -I/usr/include/apr-1.0  -D_GNU_SOURCE conftest.c >&5
configure:20264: $? = 0
configure:20264: result: yes
configure:20264: checking apr.h presence
configure:20264: gcc -E    -DLINUX -D_REENTRANT -D_GNU_SOURCE  -I/usr/include/apr-1.0  -D_GNU_SOURCE conftest.c
configure:20264: $? = 0
configure:20264: result: yes
configure:20264: checking for apr.h
configure:20264: result: yes
configure:20277: ICU  C++ library configuration
configure:20282: checking for ICU
configure:20327: error: icu_config script not found.

## ---------------- ##
## Cache variables. ##
## ---------------- ##

ac_cv_build=x86_64-unknown-linux-gnu
ac_cv_c_bigendian=no
ac_cv_c_compiler_gnu=yes
ac_cv_cxx_compiler_gnu=yes
ac_cv_env_CCC_set=
ac_cv_env_CCC_value=
ac_cv_env_CC_set=
ac_cv_env_CC_value=
ac_cv_env_CFLAGS_set=
ac_cv_env_CFLAGS_value=
ac_cv_env_CPPFLAGS_set=
ac_cv_env_CPPFLAGS_value=
ac_cv_env_CPP_set=
ac_cv_env_CPP_value=
ac_cv_env_CXXCPP_set=
ac_cv_env_CXXCPP_value=
ac_cv_env_CXXFLAGS_set=
ac_cv_env_CXXFLAGS_value=
ac_cv_env_CXX_set=
ac_cv_env_CXX_value=
ac_cv_env_F77_set=
ac_cv_env_F77_value=
ac_cv_env_FFLAGS_set=
ac_cv_env_FFLAGS_value=
ac_cv_env_LDFLAGS_set=
ac_cv_env_LDFLAGS_value=
ac_cv_env_LIBS_set=
ac_cv_env_LIBS_value=
ac_cv_env_build_alias_set=
ac_cv_env_build_alias_value=
ac_cv_env_host_alias_set=
ac_cv_env_host_alias_value=
ac_cv_env_target_alias_set=
ac_cv_env_target_alias_value=
ac_cv_f77_compiler_gnu=yes
ac_cv_header_apr_h=yes
ac_cv_header_dlfcn_h=yes
ac_cv_header_inttypes_h=yes
ac_cv_header_memory_h=yes
ac_cv_header_stdc=yes
ac_cv_header_stdint_h=yes
ac_cv_header_stdlib_h=yes
ac_cv_header_string_h=yes
ac_cv_header_strings_h=yes
ac_cv_header_sys_stat_h=yes
ac_cv_header_sys_types_h=yes
ac_cv_header_unistd_h=yes
ac_cv_header_xercesc_util_XercesVersion_hpp=yes
ac_cv_host=x86_64-unknown-linux-gnu
ac_cv_objext=o
ac_cv_path_EGREP='/bin/grep -E'
ac_cv_path_GREP=/bin/grep
ac_cv_path_install='/usr/bin/install -c'
ac_cv_path_mkdir=/bin/mkdir
ac_cv_prog_AWK=mawk
ac_cv_prog_CPP='gcc -E'
ac_cv_prog_CXXCPP='g++ -E'
ac_cv_prog_ac_ct_AR=ar
ac_cv_prog_ac_ct_CC=gcc
ac_cv_prog_ac_ct_CXX=g++
ac_cv_prog_ac_ct_F77=gfortran
ac_cv_prog_ac_ct_RANLIB=ranlib
ac_cv_prog_ac_ct_STRIP=strip
ac_cv_prog_cc_c89=
ac_cv_prog_cc_g=yes
ac_cv_prog_cxx_g=yes
ac_cv_prog_f77_g=yes
ac_cv_prog_make_make_set=yes
am_cv_CC_dependencies_compiler_type=gcc3
am_cv_CXX_dependencies_compiler_type=gcc3
lt_cv_deplibs_check_method=pass_all
lt_cv_file_magic_cmd='$MAGIC_CMD'
lt_cv_file_magic_test_file=
lt_cv_ld_reload_flag=-r
lt_cv_objdir=.libs
lt_cv_path_LD=/usr/bin/ld
lt_cv_path_LDCXX='/usr/bin/ld -m elf_x86_64'
lt_cv_path_NM='/usr/bin/nm -B'
lt_cv_path_SED=/bin/sed
lt_cv_prog_compiler_c_o=yes
lt_cv_prog_compiler_c_o_CXX=yes
lt_cv_prog_compiler_c_o_F77=yes
lt_cv_prog_compiler_pic_works=yes
lt_cv_prog_compiler_pic_works_CXX=yes
lt_cv_prog_compiler_pic_works_F77=yes
lt_cv_prog_compiler_rtti_exceptions=no
lt_cv_prog_compiler_static_works=yes
lt_cv_prog_compiler_static_works_CXX=yes
lt_cv_prog_compiler_static_works_F77=yes
lt_cv_prog_gnu_ld=yes
lt_cv_prog_gnu_ldcxx=yes
lt_cv_sys_global_symbol_pipe='sed -n -e '\''s/^.*[ 	]\([ABCDGIRSTW][ABCDGIRSTW]*\)[ 	][ 	]*\([_A-Za-z][_A-Za-z0-9]*\)$/\1 \2 \2/p'\'''
lt_cv_sys_global_symbol_to_c_name_address='sed -n -e '\''s/^: \([^ ]*\) $/  {\"\1\", (lt_ptr) 0},/p'\'' -e '\''s/^[BCDEGRST] \([^ ]*\) \([^ ]*\)$/  {"\2", (lt_ptr) \&\2},/p'\'''
lt_cv_sys_global_symbol_to_cdecl='sed -n -e '\''s/^. .* \(.*\)$/extern int \1;/p'\'''
lt_cv_sys_lib_dlsearch_path_spec='/lib /usr/lib /usr/lib/x86_64-linux-gnu/libfakeroot /usr/lib/i386-linux-gnu/mesa /lib/i386-linux-gnu /usr/lib/i386-linux-gnu /lib/i686-linux-gnu /usr/lib/i686-linux-gnu /usr/local/lib /lib/x86_64-linux-gnu /usr/lib/x86_64-linux-gnu /usr/lib/x86_64-linux-gnu/mesa-egl /usr/lib/x86_64-linux-gnu/mesa /usr/lib/x86_64-linux-gnu/mir/clientplatform/mesa /lib32 /usr/lib32 '
lt_cv_sys_lib_search_path_spec='/usr/lib/gcc/x86_64-linux-gnu/4.8 /usr/lib/x86_64-linux-gnu /usr/lib /lib/x86_64-linux-gnu /lib'
lt_cv_sys_max_cmd_len=1572864
lt_lt_cv_prog_compiler_c_o='"yes"'
lt_lt_cv_prog_compiler_c_o_CXX='"yes"'
lt_lt_cv_prog_compiler_c_o_F77='"yes"'
lt_lt_cv_sys_global_symbol_pipe='"sed -n -e '\''s/^.*[ 	]\\([ABCDGIRSTW][ABCDGIRSTW]*\\)[ 	][ 	]*\\([_A-Za-z][_A-Za-z0-9]*\\)\$/\\1 \\2 \\2/p'\''"'
lt_lt_cv_sys_global_symbol_to_c_name_address='"sed -n -e '\''s/^: \\([^ ]*\\) \$/  {\\\"\\1\\\", (lt_ptr) 0},/p'\'' -e '\''s/^[BCDEGRST] \\([^ ]*\\) \\([^ ]*\\)\$/  {\"\\2\", (lt_ptr) \\&\\2},/p'\''"'
lt_lt_cv_sys_global_symbol_to_cdecl='"sed -n -e '\''s/^. .* \\(.*\\)\$/extern int \\1;/p'\''"'

## ----------------- ##
## Output variables. ##
## ----------------- ##

ACLOCAL='${SHELL} /home/steve/projects/uimaAnalyzer/uimacpp-2.4.0-rc7/config/missing --run aclocal-1.10'
ACTIVEMQ_CXXFLAGS=''
ACTIVEMQ_FOUND_FALSE=''
ACTIVEMQ_FOUND_TRUE=''
ACTIVEMQ_LDFLAGS=''
ACTIVEMQ_VERSION=''
AMDEPBACKSLASH='\'
AMDEP_FALSE='#'
AMDEP_TRUE=''
AMTAR='${SHELL} /home/steve/projects/uimaAnalyzer/uimacpp-2.4.0-rc7/config/missing --run tar'
APPLE_FALSE=''
APPLE_TRUE=''
AR='ar'
AUTOCONF='${SHELL} /home/steve/projects/uimaAnalyzer/uimacpp-2.4.0-rc7/config/missing --run autoconf'
AUTOHEADER='${SHELL} /home/steve/projects/uimaAnalyzer/uimacpp-2.4.0-rc7/config/missing --run autoheader'
AUTOMAKE='${SHELL} /home/steve/projects/uimaAnalyzer/uimacpp-2.4.0-rc7/config/missing --run automake-1.10'
AWK='mawk'
CC='gcc'
CCDEPMODE='depmode=gcc3'
CFLAGS='-g -O2'
CPP='gcc -E'
CPPFLAGS=''
CXX='g++'
CXXCPP='g++ -E'
CXXDEPMODE='depmode=gcc3'
CXXFLAGS='-g -O2'
CYGPATH_W='echo'
DEBUG_TEST_FALSE=''
DEBUG_TEST_TRUE='#'
DEBUG_UIMA_FALSE=''
DEBUG_UIMA_TRUE='#'
DEFS=''
DEPDIR='.deps'
DSYMUTIL=''
ECHO='echo'
ECHO_C=''
ECHO_N='-n'
ECHO_T=''
EGREP='/bin/grep -E'
EXEEXT=''
F77='gfortran'
FFLAGS='-g -O2'
GREP='/bin/grep'
ICU_CPPFLAGS=''
ICU_LDFLAGS=''
INSTALL_DATA='${INSTALL} -m 644'
INSTALL_PROGRAM='${INSTALL}'
INSTALL_SCRIPT='${INSTALL}'
INSTALL_STRIP_PROGRAM='$(install_sh) -c -s'
LDFLAGS=''
LIBOBJS=''
LIBS=''
LIBTOOL='$(SHELL) $(top_builddir)/libtool'
LN_S='ln -s'
LTLIBOBJS=''
LT_VERSION_NUMBER='0:0:0'
MAKEINFO='${SHELL} /home/steve/projects/uimaAnalyzer/uimacpp-2.4.0-rc7/config/missing --run makeinfo'
MKDIR_P='/bin/mkdir -p'
NMEDIT=''
OBJEXT='o'
PACKAGE='uimacpp'
PACKAGE_BUGREPORT=''
PACKAGE_NAME='uimacpp'
PACKAGE_STRING='uimacpp 2.4.0'
PACKAGE_TARNAME='uimacpp'
PACKAGE_URL=''
PACKAGE_VERSION='2.4.0'
PATH_SEPARATOR=':'
RANLIB='ranlib'
SED='/bin/sed'
SET_MAKE=''
SHELL='/bin/bash'
STRIP='strip'
UIMACPP_HOME_INCLUDE='-I/include'
UIMACPP_HOME_LIB='-L/lib'
UIMA_ACTIVEMQ_INCLUDE=''
UIMA_ACTIVEMQ_LIB=''
UIMA_APR_INCLUDE='  -DLINUX -D_REENTRANT -D_GNU_SOURCE  -I/usr/include/apr-1.0 '
UIMA_APR_LIB='   /usr/lib/x86_64-linux-gnu/libapr-1.la '
UIMA_ICU_INCLUDE=''
UIMA_ICU_LIB=''
UIMA_JDK_INCLUDE=''
UIMA_LIB=''
UIMA_XERCES_INCLUDE='-I/usr/include -I/usr/include/xercesc'
UIMA_XERCES_LIB='-L/usr/lib  -lxerces-c '
VERSION='2.4.0'
XERCES_CPPFLAGS='-I/usr/include -I/usr/include/xercesc'
XERCES_LDFLAGS='-L/usr/lib '
XERCES_LIBS='-lxerces-c '
XERCES_VERSION='2.8.0'
ac_ct_CC='gcc'
ac_ct_CXX='g++'
ac_ct_F77='gfortran'
activemq_install=''
am__fastdepCC_FALSE='#'
am__fastdepCC_TRUE=''
am__fastdepCXX_FALSE='#'
am__fastdepCXX_TRUE=''
am__include='include'
am__isrc=''
am__leading_dot='.'
am__quote=''
am__tar='${AMTAR} chof - "$$tardir"'
am__untar='${AMTAR} xf -'
apr_install=''
apu_install=''
bindir='${exec_prefix}/bin'
build='x86_64-unknown-linux-gnu'
build_alias=''
build_cpu='x86_64'
build_os='linux-gnu'
build_vendor='unknown'
datadir='${datarootdir}'
datarootdir='${prefix}/share'
docdir='${datarootdir}/doc/${PACKAGE_TARNAME}'
dvidir='${docdir}'
exec_prefix='NONE'
host='x86_64-unknown-linux-gnu'
host_alias=''
host_cpu='x86_64'
host_os='linux-gnu'
host_vendor='unknown'
htmldir='${docdir}'
icu_install='/usr/share/icu'
includedir='${prefix}/include'
infodir='${datarootdir}/info'
install_sh='$(SHELL) /home/steve/projects/uimaAnalyzer/uimacpp-2.4.0-rc7/config/install-sh'
libdir='${exec_prefix}/lib'
libexecdir='${exec_prefix}/libexec'
localedir='${datarootdir}/locale'
localstatedir='${prefix}/var'
mandir='${datarootdir}/man'
mkdir_p='/bin/mkdir -p'
oldincludedir='/usr/include'
pdfdir='${docdir}'
prefix='NONE'
program_transform_name='s,x,x,'
psdir='${docdir}'
sbindir='${exec_prefix}/sbin'
sharedstatedir='${prefix}/com'
sysconfdir='${prefix}/etc'
target_alias=''
xerces_install=''

## ----------- ##
## confdefs.h. ##
## ----------- ##

/* confdefs.h */
#define PACKAGE_NAME "uimacpp"
#define PACKAGE_TARNAME "uimacpp"
#define PACKAGE_VERSION "2.4.0"
#define PACKAGE_STRING "uimacpp 2.4.0"
#define PACKAGE_BUGREPORT ""
#define PACKAGE_URL ""
#define PACKAGE "uimacpp"
#define VERSION "2.4.0"
#define STDC_HEADERS 1
#define HAVE_SYS_TYPES_H 1
#define HAVE_SYS_STAT_H 1
#define HAVE_STDLIB_H 1
#define HAVE_STRING_H 1
#define HAVE_MEMORY_H 1
#define HAVE_STRINGS_H 1
#define HAVE_INTTYPES_H 1
#define HAVE_STDINT_H 1
#define HAVE_UNISTD_H 1
#define HAVE_DLFCN_H 1

configure: exit 1
